<?xml version="1.0" encoding="UTF-8"?>
<testsuite name="com.example.taskmanager.TaskManagerApplicationTests" tests="1" skipped="0" failures="0" errors="0" timestamp="2026-03-19T09:47:30.849Z" hostname="devbox" time="0.827">
  <properties/>
  <testcase name="contextLoads()" classname="com.example.taskmanager.TaskManagerApplicationTests" time="0.827"/>
  <system-out><![CDATA[09:47:25.566 [Test worker] INFO org.springframework.test.context.support.AnnotationConfigContextLoaderUtils -- Could not detect default configuration classes for test class [com.example.taskmanager.TaskManagerApplicationTests]: TaskManagerApplicationTests does not declare any static, non-private, non-final, nested classes annotated with @Configuration.
09:47:25.795 [Test worker] INFO org.springframework.boot.test.context.SpringBootTestContextBootstrapper -- Found @SpringBootConfiguration com.example.taskmanager.TaskManagerApplication for test class com.example.taskmanager.TaskManagerApplicationTests

  .   ____          _            __ _ _
 /\\ / ___'_ __ _ _(_)_ __  __ _ \ \ \ \
( ( )\___ | '_ | '_| | '_ \/ _` | \ \ \ \
 \\/  ___)| |_)| | | | | || (_| |  ) ) ) )
  '  |____| .__|_| |_|_| |_\__, | / / / /
 =========|_|==============|___/=/_/_/_/

 :: Spring Boot ::                (v3.5.0)

2026-03-19T09:47:26.472Z  INFO 2534 --- [TaskManager] [    Test worker] c.e.t.TaskManagerApplicationTests        : Starting TaskManagerApplicationTests using Java 21.0.10 with PID 2534 (started by jules in /app)
2026-03-19T09:47:26.474Z  INFO 2534 --- [TaskManager] [    Test worker] c.e.t.TaskManagerApplicationTests        : No active profile set, falling back to 1 default profile: "default"
2026-03-19T09:47:27.481Z  INFO 2534 --- [TaskManager] [    Test worker] .s.d.r.c.RepositoryConfigurationDelegate : Bootstrapping Spring Data JPA repositories in DEFAULT mode.
2026-03-19T09:47:27.522Z  INFO 2534 --- [TaskManager] [    Test worker] .s.d.r.c.RepositoryConfigurationDelegate : Finished Spring Data repository scanning in 21 ms. Found 0 JPA repository interfaces.
2026-03-19T09:47:28.281Z  INFO 2534 --- [TaskManager] [    Test worker] com.zaxxer.hikari.HikariDataSource       : HikariPool-1 - Starting...
2026-03-19T09:47:28.737Z  INFO 2534 --- [TaskManager] [    Test worker] com.zaxxer.hikari.pool.HikariPool        : HikariPool-1 - Added connection conn0: url=jdbc:h2:mem:961f3d1c-74f2-4f59-a1a2-a4ef71ecc46a user=SA
2026-03-19T09:47:28.742Z  INFO 2534 --- [TaskManager] [    Test worker] com.zaxxer.hikari.HikariDataSource       : HikariPool-1 - Start completed.
2026-03-19T09:47:28.822Z  INFO 2534 --- [TaskManager] [    Test worker] o.hibernate.jpa.internal.util.LogHelper  : HHH000204: Processing PersistenceUnitInfo [name: default]
2026-03-19T09:47:28.886Z  INFO 2534 --- [TaskManager] [    Test worker] org.hibernate.Version                    : HHH000412: Hibernate ORM core version 6.6.15.Final
2026-03-19T09:47:28.930Z  INFO 2534 --- [TaskManager] [    Test worker] o.h.c.internal.RegionFactoryInitiator    : HHH000026: Second-level cache disabled
2026-03-19T09:47:29.300Z  INFO 2534 --- [TaskManager] [    Test worker] o.s.o.j.p.SpringPersistenceUnitInfo      : No LoadTimeWeaver setup: ignoring JPA class transformer
2026-03-19T09:47:29.394Z  INFO 2534 --- [TaskManager] [    Test worker] org.hibernate.orm.connections.pooling    : HHH10001005: Database info:
	Database JDBC URL [Connecting through datasource 'HikariDataSource (HikariPool-1)']
	Database driver: undefined/unknown
	Database version: 2.3.232
	Autocommit mode: undefined/unknown
	Isolation level: undefined/unknown
	Minimum pool size: undefined/unknown
	Maximum pool size: undefined/unknown
2026-03-19T09:47:29.805Z  INFO 2534 --- [TaskManager] [    Test worker] o.h.e.t.j.p.i.JtaPlatformInitiator       : HHH000489: No JTA platform available (set 'hibernate.transaction.jta.platform' to enable JTA platform integration)
2026-03-19T09:47:29.811Z  INFO 2534 --- [TaskManager] [    Test worker] j.LocalContainerEntityManagerFactoryBean : Initialized JPA EntityManagerFactory for persistence unit 'default'
2026-03-19T09:47:30.006Z  WARN 2534 --- [TaskManager] [    Test worker] JpaBaseConfiguration$JpaWebConfiguration : spring.jpa.open-in-view is enabled by default. Therefore, database queries may be performed during view rendering. Explicitly configure spring.jpa.open-in-view to disable this warning
2026-03-19T09:47:30.831Z  INFO 2534 --- [TaskManager] [    Test worker] c.e.t.TaskManagerApplicationTests        : Started TaskManagerApplicationTests in 4.807 seconds (process running for 6.639)
]]></system-out>
  <system-err><![CDATA[Mockito is currently self-attaching to enable the inline-mock-maker. This will no longer work in future releases of the JDK. Please add Mockito as an agent to your build as described in Mockito's documentation: https://javadoc.io/doc/org.mockito/mockito-core/latest/org.mockito/org/mockito/Mockito.html#0.3
WARNING: A Java agent has been loaded dynamically (/home/jules/.gradle/caches/modules-2/files-2.1/net.bytebuddy/byte-buddy-agent/1.17.5/58f9507f5f28d1d3e7adfb4ec2fe37c29d332c9b/byte-buddy-agent-1.17.5.jar)
WARNING: If a serviceability tool is in use, please run with -XX:+EnableDynamicAgentLoading to hide this warning
WARNING: If a serviceability tool is not in use, please run with -Djdk.instrument.traceUsage for more information
WARNING: Dynamic loading of agents will be disallowed by default in a future release
]]></system-err>
</testsuite>
